home/build/intermediates/manifest_merge_blame_file/debug/manifest-merger-blame-debug-report.txt
1<?xml version="1.0" encoding="utf-8"?>
2<manifest xmlns:android="http://schemas.android.com/apk/res/android"
3    package="com.charaminstra.pleon.home" > <!-- <application -->
4    <!-- android:allowBackup="true" -->
5    <!-- android:icon="@mipmap/ic_launcher" -->
6    <!-- android:label="@string/app_name" -->
7    <!-- android:roundIcon="@mipmap/ic_launcher_round" -->
8    <!-- android:supportsRtl="true" -->
9    <!-- android:theme="@style/Theme.PLeon_AOS"> -->
10    <!-- <activity -->
11    <!-- android:name="com.charaminstra.pleon.HomeActivity" -->
12    <!-- android:exported="true"> -->
13    <!-- <intent-filter> -->
14    <!-- <action android:name="android.intent.action.MAIN" /> -->
15    <!-- <category android:name="android.intent.category.LAUNCHER" /> -->
16    <!-- </intent-filter> -->
17    <!-- </activity> -->
18    <!-- </application> -->
19    <uses-sdk
20        android:minSdkVersion="24"
20-->src/main/AndroidManifest.xml
21        android:targetSdkVersion="31" />
21-->src/main/AndroidManifest.xml
22
23</manifest>